2021-07-09  9:58:48 0 [Note] InnoDB: Uses event mutexes
2021-07-09  9:58:48 0 [Note] InnoDB: Compressed tables use zlib 1.2.11
2021-07-09  9:58:48 0 [Note] InnoDB: Number of pools: 1
2021-07-09  9:58:48 0 [Note] InnoDB: Using crc32 + pclmulqdq instructions
2021-07-09  9:58:48 0 [Note] mysqld: O_TMPFILE is not supported on /tmp (disabling future attempts)
2021-07-09  9:58:48 0 [Note] InnoDB: Using Linux native AIO
2021-07-09  9:58:48 0 [Note] InnoDB: Initializing buffer pool, total size = 134217728, chunk size = 134217728
2021-07-09  9:58:48 0 [Note] InnoDB: Completed initialization of buffer pool
2021-07-09  9:58:48 0 [Note] InnoDB: If the mysqld execution user is authorized, page cleaner thread priority can be changed. See the man page of setpriority().
2021-07-09  9:58:48 0 [Note] InnoDB: 128 rollback segments are active.
2021-07-09  9:58:49 0 [Note] InnoDB: Creating shared tablespace for temporary tables
2021-07-09  9:58:49 0 [Note] InnoDB: Setting file './ibtmp1' size to 12 MB. Physically writing the file full; Please wait ...
2021-07-09  9:58:49 0 [Note] InnoDB: File './ibtmp1' size is now 12 MB.
2021-07-09  9:58:49 0 [Note] InnoDB: 10.5.9 started; log sequence number 758979; transaction id 616
2021-07-09  9:58:49 0 [Note] InnoDB: Loading buffer pool(s) from /var/lib/mysql/ib_buffer_pool
2021-07-09  9:58:49 0 [Note] Plugin 'FEEDBACK' is disabled.
2021-07-09  9:58:49 0 [Note] Server socket created on IP: '::'.
2021-07-09  9:58:49 0 [Warning] 'proxies_priv' entry '@% root@9d7ade149347' ignored in --skip-name-resolve mode.
2021-07-09  9:58:49 0 [Note] InnoDB: Buffer pool(s) load completed at 210709  9:58:49
2021-07-09  9:58:49 0 [Note] Reading of all Master_info entries succeeded
2021-07-09  9:58:49 0 [Note] Added new Master_info '' to hash table
2021-07-09  9:58:49 0 [Note] mysqld: ready for connections.
Version: '10.5.9-MariaDB-1:10.5.9+maria~focal-log'  socket: '/run/mysqld/mysqld.sock'  port: 3306  mariadb.org binary distribution
2021-07-10  9:28:23 0 [Note] mysqld (initiated by: unknown): Normal shutdown
2021-07-12  9:14:10 0 [Note] InnoDB: Uses event mutexes
2021-07-12  9:14:10 0 [Note] InnoDB: Compressed tables use zlib 1.2.11
2021-07-12  9:14:10 0 [Note] InnoDB: Number of pools: 1
2021-07-12  9:14:10 0 [Note] InnoDB: Using crc32 + pclmulqdq instructions
2021-07-12  9:14:10 0 [Note] mysqld: O_TMPFILE is not supported on /tmp (disabling future attempts)
2021-07-12  9:14:10 0 [Note] InnoDB: Using Linux native AIO
2021-07-12  9:14:10 0 [Note] InnoDB: Initializing buffer pool, total size = 134217728, chunk size = 134217728
2021-07-12  9:14:10 0 [Note] InnoDB: Completed initialization of buffer pool
2021-07-12  9:14:10 0 [Note] InnoDB: If the mysqld execution user is authorized, page cleaner thread priority can be changed. See the man page of setpriority().
2021-07-12  9:14:10 0 [Note] InnoDB: Starting crash recovery from checkpoint LSN=758979,758979
2021-07-12  9:14:10 0 [Note] InnoDB: Starting final batch to recover 5 pages from redo log.
2021-07-12  9:14:10 0 [Note] InnoDB: 128 rollback segments are active.
2021-07-12  9:14:10 0 [Note] InnoDB: Removed temporary tablespace data file: "ibtmp1"
2021-07-12  9:14:10 0 [Note] InnoDB: Creating shared tablespace for temporary tables
2021-07-12  9:14:10 0 [Note] InnoDB: Setting file './ibtmp1' size to 12 MB. Physically writing the file full; Please wait ...
2021-07-12  9:14:10 0 [Note] InnoDB: File './ibtmp1' size is now 12 MB.
2021-07-12  9:14:10 0 [Note] InnoDB: 10.5.9 started; log sequence number 845043; transaction id 701
2021-07-12  9:14:10 0 [Note] InnoDB: Loading buffer pool(s) from /var/lib/mysql/ib_buffer_pool
2021-07-12  9:14:10 0 [Note] Plugin 'FEEDBACK' is disabled.
2021-07-12  9:14:10 0 [Note] Server socket created on IP: '::'.
2021-07-12  9:14:10 0 [Warning] 'proxies_priv' entry '@% root@9d7ade149347' ignored in --skip-name-resolve mode.
2021-07-12  9:14:10 0 [Note] InnoDB: Buffer pool(s) load completed at 210712  9:14:10
2021-07-12  9:14:11 0 [Note] Reading of all Master_info entries succeeded
2021-07-12  9:14:11 0 [Note] Added new Master_info '' to hash table
2021-07-12  9:14:11 0 [Note] mysqld: ready for connections.
Version: '10.5.9-MariaDB-1:10.5.9+maria~focal-log'  socket: '/run/mysqld/mysqld.sock'  port: 3306  mariadb.org binary distribution
2021-07-12  9:50:02 0 [Note] mysqld (initiated by: unknown): Normal shutdown
2021-07-12  9:50:02 0 [Note] Event Scheduler: Purging the queue. 0 events
2021-07-12  9:50:02 0 [Note] InnoDB: FTS optimize thread exiting.
2021-07-12  9:50:02 0 [Note] InnoDB: Starting shutdown...
2021-07-12  9:50:02 0 [Note] InnoDB: Dumping buffer pool(s) to /var/lib/mysql/ib_buffer_pool
2021-07-12  9:50:02 0 [Note] InnoDB: Buffer pool(s) dump completed at 210712  9:50:02
2021-07-12  9:50:02 0 [Note] InnoDB: Removed temporary tablespace data file: "ibtmp1"
2021-07-12  9:50:02 0 [Note] InnoDB: Shutdown completed; log sequence number 932056; transaction id 784
2021-07-12  9:50:02 0 [Note] mysqld: Shutdown complete

